{"C:\\Users\\Asus\\Desktop\\React Basic\\NamasteReact\\src\\components\\Contact.js": {"path":"C:\\Users\\Asus\\Desktop\\React Basic\\NamasteReact\\src\\components\\Contact.js","statementMap":{"0":{"start":{"line":1,"column":16},"end":{"line":22,"column":1}},"1":{"start":{"line":2,"column":2},"end":{"line":21,"column":4}}},"fnMap":{"0":{"name":"(anonymous_0)","decl":{"start":{"line":1,"column":16},"end":{"line":1,"column":17}},"loc":{"start":{"line":1,"column":22},"end":{"line":22,"column":1}},"line":1}},"branchMap":{},"s":{"0":1,"1":4},"f":{"0":4},"b":{},"_coverageSchema":"1a1c01bbd47fc00a2c39e90264f33305004495a9","hash":"22e8f81ab21f2d6f2192f8291e181c315cdc38d2"}
,"C:\\Users\\Asus\\Desktop\\React Basic\\NamasteReact\\src\\components\\sum.js": {"path":"C:\\Users\\Asus\\Desktop\\React Basic\\NamasteReact\\src\\components\\sum.js","statementMap":{"0":{"start":{"line":1,"column":19},"end":{"line":3,"column":1}},"1":{"start":{"line":2,"column":2},"end":{"line":2,"column":15}}},"fnMap":{"0":{"name":"(anonymous_0)","decl":{"start":{"line":1,"column":19},"end":{"line":1,"column":20}},"loc":{"start":{"line":1,"column":29},"end":{"line":3,"column":1}},"line":1}},"branchMap":{},"s":{"0":1,"1":1},"f":{"0":1},"b":{},"_coverageSchema":"1a1c01bbd47fc00a2c39e90264f33305004495a9","hash":"ad7511b5151d81a3a888e08f1ecf7d7d265a3735"}
}
